2020-06-26 18:32:55,982 INFO 88710 [Timer] /Users/yunfenqiu/github/my/umiKeepalive2/node_modules/egg-multipart/app/schedule/clean_tmpdir.js next time will execute after 35824021ms at 2020-06-27 04:30:00.003
2020-06-26 18:32:55,983 INFO 88710 [Timer] /Users/yunfenqiu/github/my/umiKeepalive2/node_modules/egg-logrotator/app/schedule/clean_log.js next time will execute after 19624018ms at 2020-06-27 00:00:00.001
2020-06-26 18:32:55,983 INFO 88710 [Timer] /Users/yunfenqiu/github/my/umiKeepalive2/node_modules/egg-logrotator/app/schedule/rotate_by_file.js next time will execute after 19625017ms at 2020-06-27 00:00:01.000
2020-06-26 18:32:55,896 INFO 88712 [egg-schedule]: register schedule /Users/yunfenqiu/github/my/umiKeepalive2/node_modules/egg-multipart/app/schedule/clean_tmpdir.js
2020-06-26 18:32:55,896 INFO 88712 [egg-schedule]: register schedule /Users/yunfenqiu/github/my/umiKeepalive2/node_modules/egg-logrotator/app/schedule/clean_log.js
2020-06-26 18:32:55,896 INFO 88712 [egg-schedule]: register schedule /Users/yunfenqiu/github/my/umiKeepalive2/node_modules/egg-logrotator/app/schedule/rotate_by_file.js
2020-06-26 18:32:57,740 INFO 88718 [egg-schedule]: register schedule /Users/yunfenqiu/github/my/umiKeepalive2/node_modules/egg-multipart/app/schedule/clean_tmpdir.js
2020-06-26 18:32:57,740 INFO 88718 [egg-schedule]: register schedule /Users/yunfenqiu/github/my/umiKeepalive2/node_modules/egg-logrotator/app/schedule/clean_log.js
2020-06-26 18:32:57,740 INFO 88718 [egg-schedule]: register schedule /Users/yunfenqiu/github/my/umiKeepalive2/node_modules/egg-logrotator/app/schedule/rotate_by_file.js
2020-06-26 18:32:58,738 INFO 88719 [egg-schedule]: register schedule /Users/yunfenqiu/github/my/umiKeepalive2/node_modules/egg-multipart/app/schedule/clean_tmpdir.js
2020-06-26 18:32:58,738 INFO 88719 [egg-schedule]: register schedule /Users/yunfenqiu/github/my/umiKeepalive2/node_modules/egg-logrotator/app/schedule/clean_log.js
2020-06-26 18:32:58,738 INFO 88719 [egg-schedule]: register schedule /Users/yunfenqiu/github/my/umiKeepalive2/node_modules/egg-logrotator/app/schedule/rotate_by_file.js
2020-06-26 18:35:51,856 INFO 88786 [egg-schedule]: register schedule /Users/yunfenqiu/github/my/umiKeepalive2/node_modules/egg-multipart/app/schedule/clean_tmpdir.js
2020-06-26 18:35:51,856 INFO 88786 [egg-schedule]: register schedule /Users/yunfenqiu/github/my/umiKeepalive2/node_modules/egg-logrotator/app/schedule/clean_log.js
2020-06-26 18:35:51,856 INFO 88786 [egg-schedule]: register schedule /Users/yunfenqiu/github/my/umiKeepalive2/node_modules/egg-logrotator/app/schedule/rotate_by_file.js
2020-06-26 18:37:01,556 INFO 89244 [egg-schedule]: register schedule /Users/yunfenqiu/github/my/umiKeepalive2/node_modules/egg-multipart/app/schedule/clean_tmpdir.js
2020-06-26 18:37:01,556 INFO 89244 [egg-schedule]: register schedule /Users/yunfenqiu/github/my/umiKeepalive2/node_modules/egg-logrotator/app/schedule/clean_log.js
2020-06-26 18:37:01,556 INFO 89244 [egg-schedule]: register schedule /Users/yunfenqiu/github/my/umiKeepalive2/node_modules/egg-logrotator/app/schedule/rotate_by_file.js
2020-06-26 18:37:09,692 INFO 89271 [Timer] /Users/yunfenqiu/github/my/umiKeepalive2/node_modules/egg-multipart/app/schedule/clean_tmpdir.js next time will execute after 35570311ms at 2020-06-27 04:30:00.003
2020-06-26 18:37:09,693 INFO 89271 [Timer] /Users/yunfenqiu/github/my/umiKeepalive2/node_modules/egg-logrotator/app/schedule/clean_log.js next time will execute after 19370307ms at 2020-06-27 00:00:00.000
2020-06-26 18:37:09,693 INFO 89271 [Timer] /Users/yunfenqiu/github/my/umiKeepalive2/node_modules/egg-logrotator/app/schedule/rotate_by_file.js next time will execute after 19371307ms at 2020-06-27 00:00:01.000
2020-06-26 18:37:09,611 INFO 89273 [egg-schedule]: register schedule /Users/yunfenqiu/github/my/umiKeepalive2/node_modules/egg-multipart/app/schedule/clean_tmpdir.js
2020-06-26 18:37:09,611 INFO 89273 [egg-schedule]: register schedule /Users/yunfenqiu/github/my/umiKeepalive2/node_modules/egg-logrotator/app/schedule/clean_log.js
2020-06-26 18:37:09,611 INFO 89273 [egg-schedule]: register schedule /Users/yunfenqiu/github/my/umiKeepalive2/node_modules/egg-logrotator/app/schedule/rotate_by_file.js
2020-06-26 18:40:00,250 INFO 89304 [egg-schedule]: register schedule /Users/yunfenqiu/github/my/umiKeepalive2/node_modules/egg-multipart/app/schedule/clean_tmpdir.js
2020-06-26 18:40:00,250 INFO 89304 [egg-schedule]: register schedule /Users/yunfenqiu/github/my/umiKeepalive2/node_modules/egg-logrotator/app/schedule/clean_log.js
2020-06-26 18:40:00,250 INFO 89304 [egg-schedule]: register schedule /Users/yunfenqiu/github/my/umiKeepalive2/node_modules/egg-logrotator/app/schedule/rotate_by_file.js
2020-06-26 18:40:01,358 INFO 89305 [egg-schedule]: register schedule /Users/yunfenqiu/github/my/umiKeepalive2/node_modules/egg-multipart/app/schedule/clean_tmpdir.js
2020-06-26 18:40:01,358 INFO 89305 [egg-schedule]: register schedule /Users/yunfenqiu/github/my/umiKeepalive2/node_modules/egg-logrotator/app/schedule/clean_log.js
2020-06-26 18:40:01,358 INFO 89305 [egg-schedule]: register schedule /Users/yunfenqiu/github/my/umiKeepalive2/node_modules/egg-logrotator/app/schedule/rotate_by_file.js
2020-06-26 18:40:12,196 INFO 89334 [Timer] /Users/yunfenqiu/github/my/umiKeepalive2/node_modules/egg-multipart/app/schedule/clean_tmpdir.js next time will execute after 35387807ms at 2020-06-27 04:30:00.003
2020-06-26 18:40:12,197 INFO 89334 [Timer] /Users/yunfenqiu/github/my/umiKeepalive2/node_modules/egg-logrotator/app/schedule/clean_log.js next time will execute after 19187803ms at 2020-06-27 00:00:00.000
2020-06-26 18:40:12,197 INFO 89334 [Timer] /Users/yunfenqiu/github/my/umiKeepalive2/node_modules/egg-logrotator/app/schedule/rotate_by_file.js next time will execute after 19188803ms at 2020-06-27 00:00:01.000
2020-06-26 18:40:12,115 INFO 89336 [egg-schedule]: register schedule /Users/yunfenqiu/github/my/umiKeepalive2/node_modules/egg-multipart/app/schedule/clean_tmpdir.js
2020-06-26 18:40:12,116 INFO 89336 [egg-schedule]: register schedule /Users/yunfenqiu/github/my/umiKeepalive2/node_modules/egg-logrotator/app/schedule/clean_log.js
2020-06-26 18:40:12,116 INFO 89336 [egg-schedule]: register schedule /Users/yunfenqiu/github/my/umiKeepalive2/node_modules/egg-logrotator/app/schedule/rotate_by_file.js
2020-06-26 18:40:13,977 INFO 89343 [egg-schedule]: register schedule /Users/yunfenqiu/github/my/umiKeepalive2/node_modules/egg-multipart/app/schedule/clean_tmpdir.js
2020-06-26 18:40:13,977 INFO 89343 [egg-schedule]: register schedule /Users/yunfenqiu/github/my/umiKeepalive2/node_modules/egg-logrotator/app/schedule/clean_log.js
2020-06-26 18:40:13,977 INFO 89343 [egg-schedule]: register schedule /Users/yunfenqiu/github/my/umiKeepalive2/node_modules/egg-logrotator/app/schedule/rotate_by_file.js
2020-06-26 18:40:25,152 INFO 89361 [egg-schedule]: register schedule /Users/yunfenqiu/github/my/umiKeepalive2/node_modules/egg-multipart/app/schedule/clean_tmpdir.js
2020-06-26 18:40:25,152 INFO 89361 [egg-schedule]: register schedule /Users/yunfenqiu/github/my/umiKeepalive2/node_modules/egg-logrotator/app/schedule/clean_log.js
2020-06-26 18:40:25,152 INFO 89361 [egg-schedule]: register schedule /Users/yunfenqiu/github/my/umiKeepalive2/node_modules/egg-logrotator/app/schedule/rotate_by_file.js
2020-06-26 18:41:15,349 INFO 89389 [egg-schedule]: register schedule /Users/yunfenqiu/github/my/umiKeepalive2/node_modules/egg-multipart/app/schedule/clean_tmpdir.js
2020-06-26 18:41:15,349 INFO 89389 [egg-schedule]: register schedule /Users/yunfenqiu/github/my/umiKeepalive2/node_modules/egg-logrotator/app/schedule/clean_log.js
2020-06-26 18:41:15,349 INFO 89389 [egg-schedule]: register schedule /Users/yunfenqiu/github/my/umiKeepalive2/node_modules/egg-logrotator/app/schedule/rotate_by_file.js
2020-06-26 21:03:39,281 INFO 89637 [Timer] /Users/yunfenqiu/github/my/umiKeepalive2/node_modules/egg-multipart/app/schedule/clean_tmpdir.js next time will execute after 26780722ms at 2020-06-27 04:30:00.003
2020-06-26 21:03:39,281 INFO 89637 [Timer] /Users/yunfenqiu/github/my/umiKeepalive2/node_modules/egg-logrotator/app/schedule/clean_log.js next time will execute after 10580719ms at 2020-06-27 00:00:00.000
2020-06-26 21:03:39,281 INFO 89637 [Timer] /Users/yunfenqiu/github/my/umiKeepalive2/node_modules/egg-logrotator/app/schedule/rotate_by_file.js next time will execute after 10581719ms at 2020-06-27 00:00:01.000
2020-06-26 21:03:39,192 INFO 89639 [egg-schedule]: register schedule /Users/yunfenqiu/github/my/umiKeepalive2/node_modules/egg-multipart/app/schedule/clean_tmpdir.js
2020-06-26 21:03:39,192 INFO 89639 [egg-schedule]: register schedule /Users/yunfenqiu/github/my/umiKeepalive2/node_modules/egg-logrotator/app/schedule/clean_log.js
2020-06-26 21:03:39,192 INFO 89639 [egg-schedule]: register schedule /Users/yunfenqiu/github/my/umiKeepalive2/node_modules/egg-logrotator/app/schedule/rotate_by_file.js
2020-06-26 21:03:41,207 INFO 89652 [egg-schedule]: register schedule /Users/yunfenqiu/github/my/umiKeepalive2/node_modules/egg-multipart/app/schedule/clean_tmpdir.js
2020-06-26 21:03:41,207 INFO 89652 [egg-schedule]: register schedule /Users/yunfenqiu/github/my/umiKeepalive2/node_modules/egg-logrotator/app/schedule/clean_log.js
2020-06-26 21:03:41,207 INFO 89652 [egg-schedule]: register schedule /Users/yunfenqiu/github/my/umiKeepalive2/node_modules/egg-logrotator/app/schedule/rotate_by_file.js
2020-06-26 21:03:42,190 INFO 89653 [egg-schedule]: register schedule /Users/yunfenqiu/github/my/umiKeepalive2/node_modules/egg-multipart/app/schedule/clean_tmpdir.js
2020-06-26 21:03:42,190 INFO 89653 [egg-schedule]: register schedule /Users/yunfenqiu/github/my/umiKeepalive2/node_modules/egg-logrotator/app/schedule/clean_log.js
2020-06-26 21:03:42,190 INFO 89653 [egg-schedule]: register schedule /Users/yunfenqiu/github/my/umiKeepalive2/node_modules/egg-logrotator/app/schedule/rotate_by_file.js
2020-06-26 21:06:24,275 INFO 89826 [Timer] /Users/yunfenqiu/github/my/umiKeepalive2/node_modules/egg-multipart/app/schedule/clean_tmpdir.js next time will execute after 26615728ms at 2020-06-27 04:30:00.003
2020-06-26 21:06:24,275 INFO 89826 [Timer] /Users/yunfenqiu/github/my/umiKeepalive2/node_modules/egg-logrotator/app/schedule/clean_log.js next time will execute after 10415725ms at 2020-06-27 00:00:00.000
2020-06-26 21:06:24,275 INFO 89826 [Timer] /Users/yunfenqiu/github/my/umiKeepalive2/node_modules/egg-logrotator/app/schedule/rotate_by_file.js next time will execute after 10416725ms at 2020-06-27 00:00:01.000
2020-06-26 21:06:24,183 INFO 89828 [egg-schedule]: register schedule /Users/yunfenqiu/github/my/umiKeepalive2/node_modules/egg-multipart/app/schedule/clean_tmpdir.js
2020-06-26 21:06:24,184 INFO 89828 [egg-schedule]: register schedule /Users/yunfenqiu/github/my/umiKeepalive2/node_modules/egg-logrotator/app/schedule/clean_log.js
2020-06-26 21:06:24,184 INFO 89828 [egg-schedule]: register schedule /Users/yunfenqiu/github/my/umiKeepalive2/node_modules/egg-logrotator/app/schedule/rotate_by_file.js
2020-06-26 21:06:26,466 INFO 89834 [egg-schedule]: register schedule /Users/yunfenqiu/github/my/umiKeepalive2/node_modules/egg-multipart/app/schedule/clean_tmpdir.js
2020-06-26 21:06:26,466 INFO 89834 [egg-schedule]: register schedule /Users/yunfenqiu/github/my/umiKeepalive2/node_modules/egg-logrotator/app/schedule/clean_log.js
2020-06-26 21:06:26,466 INFO 89834 [egg-schedule]: register schedule /Users/yunfenqiu/github/my/umiKeepalive2/node_modules/egg-logrotator/app/schedule/rotate_by_file.js
2020-06-26 21:06:27,477 INFO 89835 [egg-schedule]: register schedule /Users/yunfenqiu/github/my/umiKeepalive2/node_modules/egg-multipart/app/schedule/clean_tmpdir.js
2020-06-26 21:06:27,477 INFO 89835 [egg-schedule]: register schedule /Users/yunfenqiu/github/my/umiKeepalive2/node_modules/egg-logrotator/app/schedule/clean_log.js
2020-06-26 21:06:27,477 INFO 89835 [egg-schedule]: register schedule /Users/yunfenqiu/github/my/umiKeepalive2/node_modules/egg-logrotator/app/schedule/rotate_by_file.js
2020-06-26 22:21:02,640 INFO 90428 [Timer] /Users/yunfenqiu/github/my/umiKeepalive2/node_modules/egg-multipart/app/schedule/clean_tmpdir.js next time will execute after 22137363ms at 2020-06-27 04:30:00.003
2020-06-26 22:21:02,640 INFO 90428 [Timer] /Users/yunfenqiu/github/my/umiKeepalive2/node_modules/egg-logrotator/app/schedule/clean_log.js next time will execute after 5937360ms at 2020-06-27 00:00:00.000
2020-06-26 22:21:02,640 INFO 90428 [Timer] /Users/yunfenqiu/github/my/umiKeepalive2/node_modules/egg-logrotator/app/schedule/rotate_by_file.js next time will execute after 5938360ms at 2020-06-27 00:00:01.000
2020-06-26 22:21:02,542 INFO 90435 [egg-schedule]: register schedule /Users/yunfenqiu/github/my/umiKeepalive2/node_modules/egg-multipart/app/schedule/clean_tmpdir.js
2020-06-26 22:21:02,542 INFO 90435 [egg-schedule]: register schedule /Users/yunfenqiu/github/my/umiKeepalive2/node_modules/egg-logrotator/app/schedule/clean_log.js
2020-06-26 22:21:02,542 INFO 90435 [egg-schedule]: register schedule /Users/yunfenqiu/github/my/umiKeepalive2/node_modules/egg-logrotator/app/schedule/rotate_by_file.js
2020-06-26 22:21:04,853 INFO 90437 [egg-schedule]: register schedule /Users/yunfenqiu/github/my/umiKeepalive2/node_modules/egg-multipart/app/schedule/clean_tmpdir.js
2020-06-26 22:21:04,853 INFO 90437 [egg-schedule]: register schedule /Users/yunfenqiu/github/my/umiKeepalive2/node_modules/egg-logrotator/app/schedule/clean_log.js
2020-06-26 22:21:04,853 INFO 90437 [egg-schedule]: register schedule /Users/yunfenqiu/github/my/umiKeepalive2/node_modules/egg-logrotator/app/schedule/rotate_by_file.js
2020-06-26 22:21:06,057 INFO 90445 [egg-schedule]: register schedule /Users/yunfenqiu/github/my/umiKeepalive2/node_modules/egg-multipart/app/schedule/clean_tmpdir.js
2020-06-26 22:21:06,058 INFO 90445 [egg-schedule]: register schedule /Users/yunfenqiu/github/my/umiKeepalive2/node_modules/egg-logrotator/app/schedule/clean_log.js
2020-06-26 22:21:06,058 INFO 90445 [egg-schedule]: register schedule /Users/yunfenqiu/github/my/umiKeepalive2/node_modules/egg-logrotator/app/schedule/rotate_by_file.js
2020-06-26 22:22:30,121 INFO 90479 [egg-schedule]: register schedule /Users/yunfenqiu/github/my/umiKeepalive2/node_modules/egg-multipart/app/schedule/clean_tmpdir.js
2020-06-26 22:22:30,121 INFO 90479 [egg-schedule]: register schedule /Users/yunfenqiu/github/my/umiKeepalive2/node_modules/egg-logrotator/app/schedule/clean_log.js
2020-06-26 22:22:30,121 INFO 90479 [egg-schedule]: register schedule /Users/yunfenqiu/github/my/umiKeepalive2/node_modules/egg-logrotator/app/schedule/rotate_by_file.js
2020-06-26 22:22:31,107 INFO 90481 [egg-schedule]: register schedule /Users/yunfenqiu/github/my/umiKeepalive2/node_modules/egg-multipart/app/schedule/clean_tmpdir.js
2020-06-26 22:22:31,107 INFO 90481 [egg-schedule]: register schedule /Users/yunfenqiu/github/my/umiKeepalive2/node_modules/egg-logrotator/app/schedule/clean_log.js
2020-06-26 22:22:31,107 INFO 90481 [egg-schedule]: register schedule /Users/yunfenqiu/github/my/umiKeepalive2/node_modules/egg-logrotator/app/schedule/rotate_by_file.js
2020-06-26 22:22:39,166 INFO 90491 [egg-schedule]: register schedule /Users/yunfenqiu/github/my/umiKeepalive2/node_modules/egg-multipart/app/schedule/clean_tmpdir.js
2020-06-26 22:22:39,166 INFO 90491 [egg-schedule]: register schedule /Users/yunfenqiu/github/my/umiKeepalive2/node_modules/egg-logrotator/app/schedule/clean_log.js
2020-06-26 22:22:39,166 INFO 90491 [egg-schedule]: register schedule /Users/yunfenqiu/github/my/umiKeepalive2/node_modules/egg-logrotator/app/schedule/rotate_by_file.js
2020-06-26 22:22:43,998 INFO 90500 [egg-schedule]: register schedule /Users/yunfenqiu/github/my/umiKeepalive2/node_modules/egg-multipart/app/schedule/clean_tmpdir.js
2020-06-26 22:22:43,999 INFO 90500 [egg-schedule]: register schedule /Users/yunfenqiu/github/my/umiKeepalive2/node_modules/egg-logrotator/app/schedule/clean_log.js
2020-06-26 22:22:43,999 INFO 90500 [egg-schedule]: register schedule /Users/yunfenqiu/github/my/umiKeepalive2/node_modules/egg-logrotator/app/schedule/rotate_by_file.js
2020-06-26 22:22:45,145 INFO 90502 [egg-schedule]: register schedule /Users/yunfenqiu/github/my/umiKeepalive2/node_modules/egg-multipart/app/schedule/clean_tmpdir.js
2020-06-26 22:22:45,145 INFO 90502 [egg-schedule]: register schedule /Users/yunfenqiu/github/my/umiKeepalive2/node_modules/egg-logrotator/app/schedule/clean_log.js
2020-06-26 22:22:45,145 INFO 90502 [egg-schedule]: register schedule /Users/yunfenqiu/github/my/umiKeepalive2/node_modules/egg-logrotator/app/schedule/rotate_by_file.js
2020-06-26 22:22:56,433 INFO 90514 [egg-schedule]: register schedule /Users/yunfenqiu/github/my/umiKeepalive2/node_modules/egg-multipart/app/schedule/clean_tmpdir.js
2020-06-26 22:22:56,433 INFO 90514 [egg-schedule]: register schedule /Users/yunfenqiu/github/my/umiKeepalive2/node_modules/egg-logrotator/app/schedule/clean_log.js
2020-06-26 22:22:56,433 INFO 90514 [egg-schedule]: register schedule /Users/yunfenqiu/github/my/umiKeepalive2/node_modules/egg-logrotator/app/schedule/rotate_by_file.js
2020-06-26 22:23:07,272 INFO 90523 [egg-schedule]: register schedule /Users/yunfenqiu/github/my/umiKeepalive2/node_modules/egg-multipart/app/schedule/clean_tmpdir.js
2020-06-26 22:23:07,272 INFO 90523 [egg-schedule]: register schedule /Users/yunfenqiu/github/my/umiKeepalive2/node_modules/egg-logrotator/app/schedule/clean_log.js
2020-06-26 22:23:07,272 INFO 90523 [egg-schedule]: register schedule /Users/yunfenqiu/github/my/umiKeepalive2/node_modules/egg-logrotator/app/schedule/rotate_by_file.js
2020-06-26 22:23:08,448 INFO 90525 [egg-schedule]: register schedule /Users/yunfenqiu/github/my/umiKeepalive2/node_modules/egg-multipart/app/schedule/clean_tmpdir.js
2020-06-26 22:23:08,448 INFO 90525 [egg-schedule]: register schedule /Users/yunfenqiu/github/my/umiKeepalive2/node_modules/egg-logrotator/app/schedule/clean_log.js
2020-06-26 22:23:08,448 INFO 90525 [egg-schedule]: register schedule /Users/yunfenqiu/github/my/umiKeepalive2/node_modules/egg-logrotator/app/schedule/rotate_by_file.js
2020-06-26 22:23:48,080 INFO 90596 [Timer] /Users/yunfenqiu/github/my/umiKeepalive2/node_modules/egg-multipart/app/schedule/clean_tmpdir.js next time will execute after 21971923ms at 2020-06-27 04:30:00.003
2020-06-26 22:23:48,081 INFO 90596 [Timer] /Users/yunfenqiu/github/my/umiKeepalive2/node_modules/egg-logrotator/app/schedule/clean_log.js next time will execute after 5771919ms at 2020-06-27 00:00:00.000
2020-06-26 22:23:48,081 INFO 90596 [Timer] /Users/yunfenqiu/github/my/umiKeepalive2/node_modules/egg-logrotator/app/schedule/rotate_by_file.js next time will execute after 5772919ms at 2020-06-27 00:00:01.000
2020-06-26 22:23:48,001 INFO 90598 [egg-schedule]: register schedule /Users/yunfenqiu/github/my/umiKeepalive2/node_modules/egg-multipart/app/schedule/clean_tmpdir.js
2020-06-26 22:23:48,001 INFO 90598 [egg-schedule]: register schedule /Users/yunfenqiu/github/my/umiKeepalive2/node_modules/egg-logrotator/app/schedule/clean_log.js
2020-06-26 22:23:48,001 INFO 90598 [egg-schedule]: register schedule /Users/yunfenqiu/github/my/umiKeepalive2/node_modules/egg-logrotator/app/schedule/rotate_by_file.js
2020-06-26 22:23:50,025 INFO 90604 [egg-schedule]: register schedule /Users/yunfenqiu/github/my/umiKeepalive2/node_modules/egg-multipart/app/schedule/clean_tmpdir.js
2020-06-26 22:23:50,025 INFO 90604 [egg-schedule]: register schedule /Users/yunfenqiu/github/my/umiKeepalive2/node_modules/egg-logrotator/app/schedule/clean_log.js
2020-06-26 22:23:50,025 INFO 90604 [egg-schedule]: register schedule /Users/yunfenqiu/github/my/umiKeepalive2/node_modules/egg-logrotator/app/schedule/rotate_by_file.js
2020-06-26 22:23:51,056 INFO 90605 [egg-schedule]: register schedule /Users/yunfenqiu/github/my/umiKeepalive2/node_modules/egg-multipart/app/schedule/clean_tmpdir.js
2020-06-26 22:23:51,056 INFO 90605 [egg-schedule]: register schedule /Users/yunfenqiu/github/my/umiKeepalive2/node_modules/egg-logrotator/app/schedule/clean_log.js
2020-06-26 22:23:51,056 INFO 90605 [egg-schedule]: register schedule /Users/yunfenqiu/github/my/umiKeepalive2/node_modules/egg-logrotator/app/schedule/rotate_by_file.js
2020-06-26 22:24:33,158 INFO 90680 [Timer] /Users/yunfenqiu/github/my/umiKeepalive2/node_modules/egg-multipart/app/schedule/clean_tmpdir.js next time will execute after 21926846ms at 2020-06-27 04:30:00.004
2020-06-26 22:24:33,158 INFO 90680 [Timer] /Users/yunfenqiu/github/my/umiKeepalive2/node_modules/egg-logrotator/app/schedule/clean_log.js next time will execute after 5726842ms at 2020-06-27 00:00:00.000
2020-06-26 22:24:33,158 INFO 90680 [Timer] /Users/yunfenqiu/github/my/umiKeepalive2/node_modules/egg-logrotator/app/schedule/rotate_by_file.js next time will execute after 5727842ms at 2020-06-27 00:00:01.000
2020-06-26 22:24:33,080 INFO 90683 [egg-schedule]: register schedule /Users/yunfenqiu/github/my/umiKeepalive2/node_modules/egg-multipart/app/schedule/clean_tmpdir.js
2020-06-26 22:24:33,080 INFO 90683 [egg-schedule]: register schedule /Users/yunfenqiu/github/my/umiKeepalive2/node_modules/egg-logrotator/app/schedule/clean_log.js
2020-06-26 22:24:33,080 INFO 90683 [egg-schedule]: register schedule /Users/yunfenqiu/github/my/umiKeepalive2/node_modules/egg-logrotator/app/schedule/rotate_by_file.js
2020-06-26 22:24:35,042 INFO 90689 [egg-schedule]: register schedule /Users/yunfenqiu/github/my/umiKeepalive2/node_modules/egg-multipart/app/schedule/clean_tmpdir.js
2020-06-26 22:24:35,042 INFO 90689 [egg-schedule]: register schedule /Users/yunfenqiu/github/my/umiKeepalive2/node_modules/egg-logrotator/app/schedule/clean_log.js
2020-06-26 22:24:35,042 INFO 90689 [egg-schedule]: register schedule /Users/yunfenqiu/github/my/umiKeepalive2/node_modules/egg-logrotator/app/schedule/rotate_by_file.js
2020-06-26 22:24:36,068 INFO 90690 [egg-schedule]: register schedule /Users/yunfenqiu/github/my/umiKeepalive2/node_modules/egg-multipart/app/schedule/clean_tmpdir.js
2020-06-26 22:24:36,068 INFO 90690 [egg-schedule]: register schedule /Users/yunfenqiu/github/my/umiKeepalive2/node_modules/egg-logrotator/app/schedule/clean_log.js
2020-06-26 22:24:36,068 INFO 90690 [egg-schedule]: register schedule /Users/yunfenqiu/github/my/umiKeepalive2/node_modules/egg-logrotator/app/schedule/rotate_by_file.js
